<?xml version="1.0" encoding="UTF-8"?>
<testng-results skipped="0" failed="0" total="1" passed="1">
  <reporter-output>
  </reporter-output>
  <suite name="Default suite" duration-ms="66894" started-at="2019-06-30T10:26:18Z" finished-at="2019-06-30T10:27:25Z">
    <groups>
    </groups>
    <test name="Default test" duration-ms="66894" started-at="2019-06-30T10:26:18Z" finished-at="2019-06-30T10:27:25Z">
      <class name="Selenium.Practice.TestNG">
        <test-method status="PASS" signature="beforeMethod()[pri:0, instance:Selenium.Practice.TestNG@6fe7aac8]" name="beforeMethod" is-config="true" duration-ms="13942" started-at="2019-06-30T18:26:18Z" finished-at="2019-06-30T18:26:32Z">
          <reporter-output>
          </reporter-output>
        </test-method> <!-- beforeMethod -->
        <test-method status="PASS" signature="Main()[pri:0, instance:Selenium.Practice.TestNG@6fe7aac8]" name="Main" duration-ms="30457" started-at="2019-06-30T18:26:32Z" finished-at="2019-06-30T18:27:02Z">
          <reporter-output>
          </reporter-output>
        </test-method> <!-- Main -->
        <test-method status="PASS" signature="afterMethod()[pri:0, instance:Selenium.Practice.TestNG@6fe7aac8]" name="afterMethod" is-config="true" duration-ms="22460" started-at="2019-06-30T18:27:02Z" finished-at="2019-06-30T18:27:25Z">
          <reporter-output>
          </reporter-output>
        </test-method> <!-- afterMethod -->
      </class> <!-- Selenium.Practice.TestNG -->
    </test> <!-- Default test -->
  </suite> <!-- Default suite -->
</testng-results>
